<?xml version="1.0" encoding="UTF-8"?>
<!-- Generated by org.testng.reporters.JUnitReportReporter -->
<testsuite skipped="0" hostname="IN-5CG9517P70" name="StepDefLoginPage.Sample9" tests="1" failures="0" timestamp="2022-05-13T09:53:19 IST" time="66.550" errors="0">
  <testcase name="a" time="66.550" classname="StepDefLoginPage.Sample9"/>
  <system-out/>
</testsuite> <!-- StepDefLoginPage.Sample9 -->
