<?xml version="1.0" encoding="UTF-8"?>
<!-- Generated by org.testng.reporters.JUnitReportReporter -->
<testsuite skipped="0" hostname="IN-5CG9517P70" name="StepDefLoginPage.Sample2" tests="1" failures="0" timestamp="2022-05-13T09:53:19 IST" time="84.746" errors="0">
  <testcase name="a" time="84.746" classname="StepDefLoginPage.Sample2"/>
  <system-out/>
</testsuite> <!-- StepDefLoginPage.Sample2 -->
