<?xml version="1.0" encoding="UTF-8"?>
<!-- Generated by org.testng.reporters.JUnitReportReporter -->
<testsuite skipped="0" hostname="IN-5CG9517P70" name="StepDefLoginPage.Sample5" tests="1" failures="0" timestamp="2022-05-13T09:53:19 IST" time="46.388" errors="0">
  <testcase name="a" time="46.388" classname="StepDefLoginPage.Sample5"/>
  <system-out/>
</testsuite> <!-- StepDefLoginPage.Sample5 -->
