<?xml version="1.0" encoding="UTF-8"?>
<!-- Generated by org.testng.reporters.JUnitReportReporter -->
<testsuite skipped="0" hostname="IN-5CG9517P70" name="StepDefLoginPage.Sample6" tests="1" failures="0" timestamp="2022-05-13T09:53:19 IST" time="60.590" errors="0">
  <testcase name="a" time="60.590" classname="StepDefLoginPage.Sample6"/>
  <system-out/>
</testsuite> <!-- StepDefLoginPage.Sample6 -->
