<?xml version="1.0" encoding="UTF-8"?>
<!-- Generated by org.testng.reporters.JUnitReportReporter -->
<testsuite skipped="0" hostname="IN-5CG9517P70" name="StepDefLoginPage.Sample4" tests="1" failures="0" timestamp="2022-05-13T09:53:19 IST" time="55.378" errors="0">
  <testcase name="a" time="55.378" classname="StepDefLoginPage.Sample4"/>
  <system-out/>
</testsuite> <!-- StepDefLoginPage.Sample4 -->
